<?xml version="1.0" encoding="UTF-8"?>
<!-- Generated by org.testng.reporters.JUnitXMLReporter -->
<testsuite ignored="0" hostname="DESKTOP-ORSF96R" failures="0" tests="2" name="SurveyAppEmailVerificationTest" time="98.426" errors="0" timestamp="2020-07-27T10:48:53 CDT">
  <testcase classname="com.objectcomputing.assessment.prasad.testcases.TC10_SurveyAppEmailVeriChromeTest" name="SurveyAppEmailVerificationChromeTest" time="50.089"/>
  <testcase classname="com.objectcomputing.assessment.prasad.testcases.TC11_SurveyAppEmailVeriFireFoxTest" name="SurveyAppEmailVeriFireFoxTest" time="48.334"/>
</testsuite> <!-- SurveyAppEmailVerificationTest -->
