<?xml version="1.0" encoding="UTF-8"?>
<!-- Generated by org.testng.reporters.JUnitXMLReporter -->
<testsuite ignored="0" hostname="DESKTOP-ORSF96R" failures="0" tests="2" name="SurveyAppE2ETest" time="180.376" errors="0" timestamp="2020-07-27T10:38:50 CDT">
  <testcase classname="com.objectcomputing.assessment.prasad.testcases.TC01_SuveyApp_E2e_Chrome" name="verifyHappyPathChrome" time="81.818"/>
  <testcase classname="com.objectcomputing.assessment.prasad.testcases.TC02_SuveyApp_E2e_FireFox" name="verifyHappyPathFireFox" time="98.477"/>
</testsuite> <!-- SurveyAppE2ETest -->
