<?xml version="1.0" encoding="UTF-8"?>
<!-- Generated by org.testng.reporters.JUnitXMLReporter -->
<testsuite ignored="0" hostname="DESKTOP-ORSF96R" failures="0" tests="3" name="SurveyPageLabelDescriptionTest" time="55.298" errors="0" timestamp="2020-07-27T10:45:49 CDT">
  <testcase classname="com.objectcomputing.assessment.prasad.testcases.TC03_HostingLabelAndDescription" name="verifyLabelDesEngPage" time="12.181"/>
  <testcase classname="com.objectcomputing.assessment.prasad.testcases.TC04_EngineeringLabelAndDescription" name="verifyLabelDesEngPage" time="18.362"/>
  <testcase classname="com.objectcomputing.assessment.prasad.testcases.TC05_SourcingLabelAndDescription" name="verifyLabelDesEngPage" time="24.742"/>
</testsuite> <!-- SurveyPageLabelDescriptionTest -->
