<?xml version="1.0" encoding="UTF-8"?>
<!-- Generated by org.testng.reporters.JUnitXMLReporter -->
<testsuite ignored="0" hostname="DESKTOP-ORSF96R" failures="0" tests="3" name="SurveyTotalPercentCheckTest" time="84.597" errors="0" timestamp="2020-07-27T10:47:14 CDT">
  <testcase classname="com.objectcomputing.assessment.prasad.testcases.TC07_PercentChecHost" name="totalValidationHost" time="20.099"/>
  <testcase classname="com.objectcomputing.assessment.prasad.testcases.TC08_PercentChecEng" name="totalValidationEng" time="27.747"/>
  <testcase classname="com.objectcomputing.assessment.prasad.testcases.TC09_PercentCheckSourc" name="totalValidationSourc" time="36.74"/>
</testsuite> <!-- SurveyTotalPercentCheckTest -->
