<?xml version="1.0" encoding="UTF-8"?>
<!-- Generated by org.testng.reporters.JUnitXMLReporter -->
<testsuite ignored="0" hostname="DESKTOP-ORSF96R" failures="0" tests="3" name="SurveyAppAlternate2ETest" time="364.397" errors="0" timestamp="2020-07-27T10:44:54 CDT">
  <testcase classname="com.objectcomputing.assessment.prasad.testcases.TC06_SurveyDynamicSelectionE2e" name="SurveyDynamicSelection" time="188.444"/>
  <testcase classname="com.objectcomputing.assessment.prasad.testcases.TC12_SuveyApp_AllSelectE2eChromeTest" name="SuveyApp_AllSelectE2eChromeTest" time="88.057"/>
  <testcase classname="com.objectcomputing.assessment.prasad.testcases.TC13_SuveyApp_AllSelectE2eFireFoxTest" name="SuveyApp_AllSelectE2eChromeTest" time="87.881"/>
</testsuite> <!-- SurveyAppAlternate2ETest -->
